# JRE version: OpenJDK Runtime Environment JBR-17.0.14+1-1367.22-nomod (17.0.14+1) (build 17.0.14+1-b1367.22)
# Java VM: OpenJDK 64-Bit Server VM JBR-17.0.14+1-1367.22-nomod (17.0.14+1-b1367.22, mixed mode, emulated-client, sharing, tiered, compressed oops, compressed class ptrs, g1 gc, windows-amd64)
GC Precious Log:
 CPUs: 8 total, 8 available
 Memory: 7968M
 Large Page Support: Disabled
 NUMA Support: Disabled
 Compressed Oops: Enabled (32-bit)
 Heap Region Size: 1M
 Heap Min Capacity: 8M
 Heap Initial Capacity: 126M
 Heap Max Capacity: 1994M
 Pre-touch: Disabled
 Parallel Workers: 8
 Concurrent Workers: 2
 Concurrent Refinement Workers: 8
 Periodic GC: Disabled
Heap:
 garbage-first heap   total 150528K, used 50045K [0x0000000083600000, 0x0000000100000000)
  region size 1024K, 1 young (1024K), 1 survivors (1024K)
 Metaspace       used 81884K, committed 82496K, reserved 1179648K
  class space    used 12384K, committed 12672K, reserved 1048576K
GC Heap History (20 events):
Event: 78.769 GC heap after
{Heap after GC invocations=17 (full 0):
 garbage-first heap   total 58368K, used 25383K [0x0000000083600000, 0x0000000100000000)
  region size 1024K, 1 young (1024K), 1 survivors (1024K)
 Metaspace       used 51518K, committed 51968K, reserved 1114112K
  class space    used 7396K, committed 7616K, reserved 1048576K
}
Event: 79.172 GC heap before
{Heap before GC invocations=17 (full 0):
 garbage-first heap   total 58368K, used 45863K [0x0000000083600000, 0x0000000100000000)
  region size 1024K, 21 young (21504K), 1 survivors (1024K)
 Metaspace       used 55085K, committed 55488K, reserved 1114112K
  class space    used 7862K, committed 8064K, reserved 1048576K
}
Event: 79.175 GC heap after
{Heap after GC invocations=18 (full 0):
 garbage-first heap   total 150528K, used 26312K [0x0000000083600000, 0x0000000100000000)
  region size 1024K, 2 young (2048K), 2 survivors (2048K)
 Metaspace       used 55085K, committed 55488K, reserved 1114112K
  class space    used 7862K, committed 8064K, reserved 1048576K
}
Event: 101.314 GC heap before
{Heap before GC invocations=18 (full 0):
 garbage-first heap   total 150528K, used 114376K [0x0000000083600000, 0x0000000100000000)
  region size 1024K, 89 young (91136K), 2 survivors (2048K)
 Metaspace       used 67567K, committed 68096K, reserved 1114112K
  class space    used 9956K, committed 10176K, reserved 1048576K
}
Event: 101.379 GC heap after
{Heap after GC invocations=19 (full 0):
 garbage-first heap   total 150528K, used 30106K [0x0000000083600000, 0x0000000100000000)
  region size 1024K, 5 young (5120K), 5 survivors (5120K)
 Metaspace       used 67567K, committed 68096K, reserved 1114112K
  class space    used 9956K, committed 10176K, reserved 1048576K
}
Event: 108.978 GC heap before
{Heap before GC invocations=19 (full 0):
 garbage-first heap   total 150528K, used 115098K [0x0000000083600000, 0x0000000100000000)
  region size 1024K, 88 young (90112K), 5 survivors (5120K)
 Metaspace       used 75610K, committed 76160K, reserved 1114112K
  class space    used 11325K, committed 11584K, reserved 1048576K
}
Event: 108.986 GC heap after
{Heap after GC invocations=20 (full 0):
 garbage-first heap   total 150528K, used 34347K [0x0000000083600000, 0x0000000100000000)
  region size 1024K, 10 young (10240K), 10 survivors (10240K)
 Metaspace       used 75610K, committed 76160K, reserved 1114112K
  class space    used 11325K, committed 11584K, reserved 1048576K
}
Event: 109.195 GC heap before
{Heap before GC invocations=20 (full 0):
 garbage-first heap   total 150528K, used 114219K [0x0000000083600000, 0x0000000100000000)
  region size 1024K, 88 young (90112K), 10 survivors (10240K)
 Metaspace       used 75684K, committed 76224K, reserved 1114112K
  class space    used 11346K, committed 11584K, reserved 1048576K
}
Event: 109.226 GC heap after
{Heap after GC invocations=21 (full 0):
 garbage-first heap   total 150528K, used 35895K [0x0000000083600000, 0x0000000100000000)
  region size 1024K, 6 young (6144K), 6 survivors (6144K)
 Metaspace       used 75684K, committed 76224K, reserved 1114112K
  class space    used 11346K, committed 11584K, reserved 1048576K
}
Event: 110.111 GC heap before
{Heap before GC invocations=21 (full 0):
 garbage-first heap   total 150528K, used 119863K [0x0000000083600000, 0x0000000100000000)
  region size 1024K, 88 young (90112K), 6 survivors (6144K)
 Metaspace       used 79879K, committed 80448K, reserved 1179648K
  class space    used 11977K, committed 12224K, reserved 1048576K
}
Event: 110.118 GC heap after
{Heap after GC invocations=22 (full 0):
 garbage-first heap   total 150528K, used 40412K [0x0000000083600000, 0x0000000100000000)
  region size 1024K, 11 young (11264K), 11 survivors (11264K)
 Metaspace       used 79879K, committed 80448K, reserved 1179648K
  class space    used 11977K, committed 12224K, reserved 1048576K
}
Event: 110.164 GC heap before
{Heap before GC invocations=22 (full 0):
 garbage-first heap   total 150528K, used 42460K [0x0000000083600000, 0x0000000100000000)
  region size 1024K, 14 young (14336K), 11 survivors (11264K)
 Metaspace       used 80045K, committed 80576K, reserved 1179648K
  class space    used 12006K, committed 12224K, reserved 1048576K
}
Event: 110.176 GC heap after
{Heap after GC invocations=23 (full 0):
 garbage-first heap   total 150528K, used 41265K [0x0000000083600000, 0x0000000100000000)
  region size 1024K, 7 young (7168K), 7 survivors (7168K)
 Metaspace       used 80045K, committed 80576K, reserved 1179648K
  class space    used 12006K, committed 12224K, reserved 1048576K
}
Event: 110.376 GC heap before
{Heap before GC invocations=24 (full 0):
 garbage-first heap   total 150528K, used 111921K [0x0000000083600000, 0x0000000100000000)
  region size 1024K, 76 young (77824K), 7 survivors (7168K)
 Metaspace       used 80141K, committed 80704K, reserved 1179648K
  class space    used 12020K, committed 12288K, reserved 1048576K
}
Event: 110.383 GC heap after
{Heap after GC invocations=25 (full 0):
 garbage-first heap   total 150528K, used 47484K [0x0000000083600000, 0x0000000100000000)
  region size 1024K, 7 young (7168K), 7 survivors (7168K)
 Metaspace       used 80141K, committed 80704K, reserved 1179648K
  class space    used 12020K, committed 12288K, reserved 1048576K
}
Event: 110.385 GC heap before
{Heap before GC invocations=25 (full 0):
 garbage-first heap   total 150528K, used 48508K [0x0000000083600000, 0x0000000100000000)
  region size 1024K, 8 young (8192K), 7 survivors (7168K)
 Metaspace       used 80141K, committed 80704K, reserved 1179648K
  class space    used 12020K, committed 12288K, reserved 1048576K
}
Event: 110.390 GC heap after
{Heap after GC invocations=26 (full 0):
 garbage-first heap   total 150528K, used 47817K [0x0000000083600000, 0x0000000100000000)
  region size 1024K, 1 young (1024K), 1 survivors (1024K)
 Metaspace       used 80141K, committed 80704K, reserved 1179648K
  class space    used 12020K, committed 12288K, reserved 1048576K
}
Event: 219.403 GC heap before
{Heap before GC invocations=26 (full 0):
 garbage-first heap   total 150528K, used 112329K [0x0000000083600000, 0x0000000100000000)
  region size 1024K, 65 young (66560K), 1 survivors (1024K)
 Metaspace       used 81884K, committed 82496K, reserved 1179648K
  class space    used 12384K, committed 12672K, reserved 1048576K
}
Event: 230.502 GC heap after
{Heap after GC invocations=27 (full 0):
 garbage-first heap   total 150528K, used 49662K [0x0000000083600000, 0x0000000100000000)
  region size 1024K, 3 young (3072K), 3 survivors (3072K)
 Metaspace       used 81884K, committed 82496K, reserved 1179648K
  class space    used 12384K, committed 12672K, reserved 1048576K
}
Event: 272.267 GC heap before
{Heap before GC invocations=27 (full 0):
 garbage-first heap   total 150528K, used 53758K [0x0000000083600000, 0x0000000100000000)
  region size 1024K, 7 young (7168K), 3 survivors (3072K)
 Metaspace       used 81884K, committed 82496K, reserved 1179648K
  class space    used 12384K, committed 12672K, reserved 1048576K
}

