# JRE version: OpenJDK Runtime Environment JBR-17.0.14+1-1367.22-nomod (17.0.14+1) (build 17.0.14+1-b1367.22)
# Java VM: OpenJDK 64-Bit Server VM JBR-17.0.14+1-1367.22-nomod (17.0.14+1-b1367.22, mixed mode, emulated-client, sharing, tiered, compressed oops, compressed class ptrs, g1 gc, windows-amd64)
GC Precious Log:
 CPUs: 8 total, 8 available
 Memory: 7968M
 Large Page Support: Disabled
 NUMA Support: Disabled
 Compressed Oops: Enabled (32-bit)
 Heap Region Size: 1M
 Heap Min Capacity: 8M
 Heap Initial Capacity: 126M
 Heap Max Capacity: 1994M
 Pre-touch: Disabled
 Parallel Workers: 8
 Concurrent Workers: 2
 Concurrent Refinement Workers: 8
 Periodic GC: Disabled
Heap:
 garbage-first heap   total 116736K, used 54152K [0x0000000083600000, 0x0000000100000000)
  region size 1024K, 15 young (15360K), 4 survivors (4096K)
 Metaspace       used 85579K, committed 86272K, reserved 1179648K
  class space    used 12876K, committed 13184K, reserved 1048576K
GC Heap History (20 events):
Event: 28.185 GC heap before
{Heap before GC invocations=24 (full 0):
 garbage-first heap   total 58368K, used 45885K [0x0000000083600000, 0x0000000100000000)
  region size 1024K, 19 young (19456K), 3 survivors (3072K)
 Metaspace       used 71010K, committed 71616K, reserved 1114112K
  class space    used 10603K, committed 10880K, reserved 1048576K
}
Event: 28.187 GC heap after
{Heap after GC invocations=25 (full 0):
 garbage-first heap   total 58368K, used 32067K [0x0000000083600000, 0x0000000100000000)
  region size 1024K, 2 young (2048K), 2 survivors (2048K)
 Metaspace       used 71010K, committed 71616K, reserved 1114112K
  class space    used 10603K, committed 10880K, reserved 1048576K
}
Event: 28.228 GC heap before
{Heap before GC invocations=25 (full 0):
 garbage-first heap   total 58368K, used 47427K [0x0000000083600000, 0x0000000100000000)
  region size 1024K, 17 young (17408K), 2 survivors (2048K)
 Metaspace       used 71336K, committed 72000K, reserved 1114112K
  class space    used 10641K, committed 10944K, reserved 1048576K
}
Event: 28.229 GC heap after
{Heap after GC invocations=26 (full 0):
 garbage-first heap   total 58368K, used 32259K [0x0000000083600000, 0x0000000100000000)
  region size 1024K, 2 young (2048K), 2 survivors (2048K)
 Metaspace       used 71336K, committed 72000K, reserved 1114112K
  class space    used 10641K, committed 10944K, reserved 1048576K
}
Event: 28.325 GC heap before
{Heap before GC invocations=26 (full 0):
 garbage-first heap   total 58368K, used 47619K [0x0000000083600000, 0x0000000100000000)
  region size 1024K, 17 young (17408K), 2 survivors (2048K)
 Metaspace       used 72996K, committed 73664K, reserved 1114112K
  class space    used 11017K, committed 11328K, reserved 1048576K
}
Event: 28.327 GC heap after
{Heap after GC invocations=27 (full 0):
 garbage-first heap   total 58368K, used 33279K [0x0000000083600000, 0x0000000100000000)
  region size 1024K, 2 young (2048K), 2 survivors (2048K)
 Metaspace       used 72996K, committed 73664K, reserved 1114112K
  class space    used 11017K, committed 11328K, reserved 1048576K
}
Event: 28.346 GC heap before
{Heap before GC invocations=27 (full 0):
 garbage-first heap   total 58368K, used 47615K [0x0000000083600000, 0x0000000100000000)
  region size 1024K, 16 young (16384K), 2 survivors (2048K)
 Metaspace       used 73004K, committed 73664K, reserved 1114112K
  class space    used 11017K, committed 11328K, reserved 1048576K
}
Event: 28.348 GC heap after
{Heap after GC invocations=28 (full 0):
 garbage-first heap   total 116736K, used 33994K [0x0000000083600000, 0x0000000100000000)
  region size 1024K, 2 young (2048K), 2 survivors (2048K)
 Metaspace       used 73004K, committed 73664K, reserved 1114112K
  class space    used 11017K, committed 11328K, reserved 1048576K
}
Event: 28.587 GC heap before
{Heap before GC invocations=29 (full 0):
 garbage-first heap   total 116736K, used 92362K [0x0000000083600000, 0x0000000100000000)
  region size 1024K, 60 young (61440K), 2 survivors (2048K)
 Metaspace       used 75355K, committed 75968K, reserved 1114112K
  class space    used 11345K, committed 11648K, reserved 1048576K
}
Event: 28.589 GC heap after
{Heap after GC invocations=30 (full 0):
 garbage-first heap   total 116736K, used 34966K [0x0000000083600000, 0x0000000100000000)
  region size 1024K, 3 young (3072K), 3 survivors (3072K)
 Metaspace       used 75355K, committed 75968K, reserved 1114112K
  class space    used 11345K, committed 11648K, reserved 1048576K
}
Event: 28.689 GC heap before
{Heap before GC invocations=30 (full 0):
 garbage-first heap   total 116736K, used 94358K [0x0000000083600000, 0x0000000100000000)
  region size 1024K, 61 young (62464K), 3 survivors (3072K)
 Metaspace       used 75358K, committed 75968K, reserved 1114112K
  class space    used 11345K, committed 11648K, reserved 1048576K
}
Event: 28.691 GC heap after
{Heap after GC invocations=31 (full 0):
 garbage-first heap   total 116736K, used 35167K [0x0000000083600000, 0x0000000100000000)
  region size 1024K, 3 young (3072K), 3 survivors (3072K)
 Metaspace       used 75358K, committed 75968K, reserved 1114112K
  class space    used 11345K, committed 11648K, reserved 1048576K
}
Event: 29.341 GC heap before
{Heap before GC invocations=31 (full 0):
 garbage-first heap   total 116736K, used 96607K [0x0000000083600000, 0x0000000100000000)
  region size 1024K, 63 young (64512K), 3 survivors (3072K)
 Metaspace       used 79777K, committed 80448K, reserved 1179648K
  class space    used 12021K, committed 12352K, reserved 1048576K
}
Event: 29.348 GC heap after
{Heap after GC invocations=32 (full 0):
 garbage-first heap   total 116736K, used 40281K [0x0000000083600000, 0x0000000100000000)
  region size 1024K, 8 young (8192K), 8 survivors (8192K)
 Metaspace       used 79777K, committed 80448K, reserved 1179648K
  class space    used 12021K, committed 12352K, reserved 1048576K
}
Event: 29.439 GC heap before
{Heap before GC invocations=32 (full 0):
 garbage-first heap   total 116736K, used 94553K [0x0000000083600000, 0x0000000100000000)
  region size 1024K, 61 young (62464K), 8 survivors (8192K)
 Metaspace       used 79779K, committed 80448K, reserved 1179648K
  class space    used 12021K, committed 12352K, reserved 1048576K
}
Event: 29.443 GC heap after
{Heap after GC invocations=33 (full 0):
 garbage-first heap   total 116736K, used 42000K [0x0000000083600000, 0x0000000100000000)
  region size 1024K, 2 young (2048K), 2 survivors (2048K)
 Metaspace       used 79779K, committed 80448K, reserved 1179648K
  class space    used 12021K, committed 12352K, reserved 1048576K
}
Event: 29.657 GC heap before
{Heap before GC invocations=33 (full 0):
 garbage-first heap   total 116736K, used 95248K [0x0000000083600000, 0x0000000100000000)
  region size 1024K, 54 young (55296K), 2 survivors (2048K)
 Metaspace       used 80422K, committed 81024K, reserved 1179648K
  class space    used 12127K, committed 12416K, reserved 1048576K
}
Event: 29.659 GC heap after
{Heap after GC invocations=34 (full 0):
 garbage-first heap   total 116736K, used 42059K [0x0000000083600000, 0x0000000100000000)
  region size 1024K, 2 young (2048K), 2 survivors (2048K)
 Metaspace       used 80422K, committed 81024K, reserved 1179648K
  class space    used 12127K, committed 12416K, reserved 1048576K
}
Event: 246.521 GC heap before
{Heap before GC invocations=34 (full 0):
 garbage-first heap   total 116736K, used 95307K [0x0000000083600000, 0x0000000100000000)
  region size 1024K, 55 young (56320K), 2 survivors (2048K)
 Metaspace       used 85565K, committed 86272K, reserved 1179648K
  class space    used 12872K, committed 13184K, reserved 1048576K
}
Event: 246.618 GC heap after
{Heap after GC invocations=35 (full 0):
 garbage-first heap   total 116736K, used 43912K [0x0000000083600000, 0x0000000100000000)
  region size 1024K, 4 young (4096K), 4 survivors (4096K)
 Metaspace       used 85565K, committed 86272K, reserved 1179648K
  class space    used 12872K, committed 13184K, reserved 1048576K
}

